2023-04-15 18:28:35|==========================================
2023-04-15 18:28:35|Batch size: 128
2023-04-15 18:28:35|Epoch: 50
2023-04-15 18:28:35|Learning rate: 0.0001
2023-04-15 18:28:35|Start training...
2023-04-15 18:28:35|Epoch: 1
2023-04-15 18:29:00|Train: loss: 0.004202, accuracy: 0.8803
2023-04-15 18:29:02| Test: loss: 0.001343, accuracy: 0.9576
2023-04-15 18:29:02|Best epoch: 1
2023-04-15 18:29:02|Epoch: 2
2023-04-15 18:29:27|Train: loss: 0.001090, accuracy: 0.9652
2023-04-15 18:29:29| Test: loss: 0.000780, accuracy: 0.9746
2023-04-15 18:29:29|Best epoch: 2
2023-04-15 18:29:29|Epoch: 3
2023-04-15 18:29:55|Train: loss: 0.000734, accuracy: 0.9755
2023-04-15 18:29:57| Test: loss: 0.000600, accuracy: 0.9798
2023-04-15 18:29:57|Best epoch: 3
2023-04-15 18:29:57|Epoch: 4
2023-04-15 18:30:23|Train: loss: 0.000573, accuracy: 0.9805
2023-04-15 18:30:25| Test: loss: 0.000485, accuracy: 0.9833
2023-04-15 18:30:25|Best epoch: 4
2023-04-15 18:30:25|Epoch: 5
2023-04-15 18:30:50|Train: loss: 0.000479, accuracy: 0.9840
2023-04-15 18:30:53| Test: loss: 0.000413, accuracy: 0.9851
2023-04-15 18:30:53|Best epoch: 5
2023-04-15 18:30:53|Epoch: 6
2023-04-15 18:31:18|Train: loss: 0.000416, accuracy: 0.9855
2023-04-15 18:31:21| Test: loss: 0.000390, accuracy: 0.9854
2023-04-15 18:31:21|Best epoch: 6
2023-04-15 18:31:21|Epoch: 7
2023-04-15 18:31:47|Train: loss: 0.000367, accuracy: 0.9873
2023-04-15 18:31:49| Test: loss: 0.000371, accuracy: 0.9858
2023-04-15 18:31:49|Best epoch: 7
2023-04-15 18:31:49|Epoch: 8
2023-04-15 18:32:15|Train: loss: 0.000333, accuracy: 0.9884
2023-04-15 18:32:17| Test: loss: 0.000312, accuracy: 0.9869
2023-04-15 18:32:17|Best epoch: 8
2023-04-15 18:32:17|Epoch: 9
2023-04-15 18:32:43|Train: loss: 0.000300, accuracy: 0.9898
2023-04-15 18:32:46| Test: loss: 0.000290, accuracy: 0.9889
2023-04-15 18:32:46|Best epoch: 9
2023-04-15 18:32:46|Epoch: 10
2023-04-15 18:33:11|Train: loss: 0.000272, accuracy: 0.9903
2023-04-15 18:33:13| Test: loss: 0.000281, accuracy: 0.9890
2023-04-15 18:33:13|Best epoch: 10
2023-04-15 18:33:13|Epoch: 11
2023-04-15 18:33:39|Train: loss: 0.000247, accuracy: 0.9910
2023-04-15 18:33:41| Test: loss: 0.000291, accuracy: 0.9885
2023-04-15 18:33:41|Best epoch: 10
2023-04-15 18:33:41|Epoch: 12
2023-04-15 18:34:07|Train: loss: 0.000229, accuracy: 0.9921
2023-04-15 18:34:10| Test: loss: 0.000273, accuracy: 0.9891
2023-04-15 18:34:10|Best epoch: 12
2023-04-15 18:34:10|Epoch: 13
2023-04-15 18:34:36|Train: loss: 0.000211, accuracy: 0.9925
2023-04-15 18:34:38| Test: loss: 0.000293, accuracy: 0.9881
2023-04-15 18:34:38|Best epoch: 12
2023-04-15 18:34:38|Epoch: 14
2023-04-15 18:35:06|Train: loss: 0.000196, accuracy: 0.9930
2023-04-15 18:35:09| Test: loss: 0.000237, accuracy: 0.9902
2023-04-15 18:35:09|Best epoch: 14
2023-04-15 18:35:09|Epoch: 15
2023-04-15 18:35:37|Train: loss: 0.000183, accuracy: 0.9936
2023-04-15 18:35:39| Test: loss: 0.000260, accuracy: 0.9898
2023-04-15 18:35:39|Best epoch: 14
2023-04-15 18:35:39|Epoch: 16
2023-04-15 18:36:06|Train: loss: 0.000165, accuracy: 0.9941
2023-04-15 18:36:09| Test: loss: 0.000227, accuracy: 0.9905
2023-04-15 18:36:09|Best epoch: 16
2023-04-15 18:36:09|Epoch: 17
2023-04-15 18:36:35|Train: loss: 0.000156, accuracy: 0.9945
2023-04-15 18:36:38| Test: loss: 0.000227, accuracy: 0.9902
2023-04-15 18:36:38|Best epoch: 16
2023-04-15 18:36:38|Epoch: 18
2023-04-15 18:37:05|Train: loss: 0.000146, accuracy: 0.9952
2023-04-15 18:37:07| Test: loss: 0.000222, accuracy: 0.9911
2023-04-15 18:37:07|Best epoch: 18
2023-04-15 18:37:07|Epoch: 19
2023-04-15 18:37:33|Train: loss: 0.000132, accuracy: 0.9956
2023-04-15 18:37:35| Test: loss: 0.000220, accuracy: 0.9910
2023-04-15 18:37:35|Best epoch: 19
2023-04-15 18:37:35|Epoch: 20
2023-04-15 18:38:01|Train: loss: 0.000123, accuracy: 0.9963
2023-04-15 18:38:03| Test: loss: 0.000211, accuracy: 0.9912
2023-04-15 18:38:03|Best epoch: 20
2023-04-15 18:38:03|Epoch: 21
2023-04-15 18:38:29|Train: loss: 0.000115, accuracy: 0.9962
2023-04-15 18:38:31| Test: loss: 0.000212, accuracy: 0.9913
2023-04-15 18:38:31|Best epoch: 20
2023-04-15 18:38:31|Epoch: 22
2023-04-15 18:38:57|Train: loss: 0.000107, accuracy: 0.9968
2023-04-15 18:39:00| Test: loss: 0.000214, accuracy: 0.9911
2023-04-15 18:39:00|Best epoch: 20
2023-04-15 18:39:00|Epoch: 23
2023-04-15 18:39:25|Train: loss: 0.000100, accuracy: 0.9972
2023-04-15 18:39:27| Test: loss: 0.000216, accuracy: 0.9909
2023-04-15 18:39:27|Best epoch: 20
2023-04-15 18:39:27|Epoch: 24
2023-04-15 18:39:53|Train: loss: 0.000091, accuracy: 0.9976
2023-04-15 18:39:56| Test: loss: 0.000227, accuracy: 0.9903
2023-04-15 18:39:56|Best epoch: 20
2023-04-15 18:39:56|Epoch: 25
2023-04-15 18:40:21|Train: loss: 0.000085, accuracy: 0.9978
2023-04-15 18:40:24| Test: loss: 0.000214, accuracy: 0.9916
2023-04-15 18:40:24|Best epoch: 20
2023-04-15 18:40:24|Epoch: 26
2023-04-15 18:40:49|Train: loss: 0.000081, accuracy: 0.9981
2023-04-15 18:40:52| Test: loss: 0.000211, accuracy: 0.9909
2023-04-15 18:40:52|Best epoch: 26
2023-04-15 18:40:52|Epoch: 27
2023-04-15 18:41:17|Train: loss: 0.000074, accuracy: 0.9982
2023-04-15 18:41:20| Test: loss: 0.000216, accuracy: 0.9910
2023-04-15 18:41:20|Best epoch: 26
2023-04-15 18:41:20|Epoch: 28
2023-04-15 18:41:46|Train: loss: 0.000066, accuracy: 0.9988
2023-04-15 18:41:48| Test: loss: 0.000219, accuracy: 0.9905
2023-04-15 18:41:48|Best epoch: 26
2023-04-15 18:41:48|Epoch: 29
2023-04-15 18:42:14|Train: loss: 0.000065, accuracy: 0.9985
2023-04-15 18:42:16| Test: loss: 0.000215, accuracy: 0.9909
2023-04-15 18:42:16|Best epoch: 26
2023-04-15 18:42:16|Epoch: 30
2023-04-15 18:42:42|Train: loss: 0.000058, accuracy: 0.9989
2023-04-15 18:42:44| Test: loss: 0.000206, accuracy: 0.9911
2023-04-15 18:42:44|Best epoch: 30
2023-04-15 18:42:44|Epoch: 31
2023-04-15 18:43:10|Train: loss: 0.000052, accuracy: 0.9992
2023-04-15 18:43:12| Test: loss: 0.000224, accuracy: 0.9902
2023-04-15 18:43:12|Best epoch: 30
2023-04-15 18:43:12|Epoch: 32
2023-04-15 18:43:38|Train: loss: 0.000049, accuracy: 0.9994
2023-04-15 18:43:40| Test: loss: 0.000237, accuracy: 0.9905
2023-04-15 18:43:40|Best epoch: 30
2023-04-15 18:43:40|Epoch: 33
2023-04-15 18:44:06|Train: loss: 0.000046, accuracy: 0.9994
2023-04-15 18:44:08| Test: loss: 0.000224, accuracy: 0.9902
2023-04-15 18:44:08|Best epoch: 30
2023-04-15 18:44:08|Epoch: 34
2023-04-15 18:44:34|Train: loss: 0.000041, accuracy: 0.9996
2023-04-15 18:44:36| Test: loss: 0.000204, accuracy: 0.9913
2023-04-15 18:44:36|Best epoch: 34
2023-04-15 18:44:36|Epoch: 35
2023-04-15 18:45:02|Train: loss: 0.000038, accuracy: 0.9996
2023-04-15 18:45:04| Test: loss: 0.000204, accuracy: 0.9909
2023-04-15 18:45:04|Best epoch: 35
2023-04-15 18:45:04|Epoch: 36
2023-04-15 18:45:29|Train: loss: 0.000035, accuracy: 0.9997
2023-04-15 18:45:32| Test: loss: 0.000203, accuracy: 0.9907
2023-04-15 18:45:32|Best epoch: 36
2023-04-15 18:45:32|Epoch: 37
2023-04-15 18:45:57|Train: loss: 0.000032, accuracy: 0.9999
2023-04-15 18:46:00| Test: loss: 0.000230, accuracy: 0.9902
2023-04-15 18:46:00|Best epoch: 36
2023-04-15 18:46:00|Epoch: 38
2023-04-15 18:46:25|Train: loss: 0.000031, accuracy: 0.9998
2023-04-15 18:46:27| Test: loss: 0.000221, accuracy: 0.9906
2023-04-15 18:46:27|Best epoch: 36
2023-04-15 18:46:27|Epoch: 39
2023-04-15 18:46:54|Train: loss: 0.000028, accuracy: 0.9998
2023-04-15 18:46:56| Test: loss: 0.000223, accuracy: 0.9910
2023-04-15 18:46:56|Best epoch: 36
2023-04-15 18:46:56|Epoch: 40
2023-04-15 18:47:22|Train: loss: 0.000025, accuracy: 0.9999
2023-04-15 18:47:25| Test: loss: 0.000229, accuracy: 0.9896
2023-04-15 18:47:25|Best epoch: 36
2023-04-15 18:47:25|Epoch: 41
2023-04-15 18:47:50|Train: loss: 0.000023, accuracy: 0.9999
2023-04-15 18:47:53| Test: loss: 0.000208, accuracy: 0.9906
2023-04-15 18:47:53|Best epoch: 36
2023-04-15 18:47:53|Epoch: 42
2023-04-15 18:48:19|Train: loss: 0.000022, accuracy: 0.9999
2023-04-15 18:48:21| Test: loss: 0.000236, accuracy: 0.9905
2023-04-15 18:48:21|Best epoch: 36
2023-04-15 18:48:21|Epoch: 43
2023-04-15 18:48:47|Train: loss: 0.000020, accuracy: 0.9998
2023-04-15 18:48:49| Test: loss: 0.000217, accuracy: 0.9901
2023-04-15 18:48:49|Best epoch: 36
2023-04-15 18:48:49|Epoch: 44
2023-04-15 18:49:15|Train: loss: 0.000018, accuracy: 1.0000
2023-04-15 18:49:17| Test: loss: 0.000214, accuracy: 0.9908
2023-04-15 18:49:17|Best epoch: 36
2023-04-15 18:49:17|Epoch: 45
2023-04-15 18:49:42|Train: loss: 0.000016, accuracy: 1.0000
2023-04-15 18:49:45| Test: loss: 0.000219, accuracy: 0.9909
2023-04-15 18:49:45|Best epoch: 36
2023-04-15 18:49:45|Epoch: 46
2023-04-15 18:50:11|Train: loss: 0.000015, accuracy: 1.0000
2023-04-15 18:50:13| Test: loss: 0.000230, accuracy: 0.9902
2023-04-15 18:50:13|Best epoch: 36
2023-04-15 18:50:13|Epoch: 47
2023-04-15 18:50:38|Train: loss: 0.000014, accuracy: 1.0000
2023-04-15 18:50:41| Test: loss: 0.000226, accuracy: 0.9905
2023-04-15 18:50:41|Best epoch: 36
2023-04-15 18:50:41|Epoch: 48
2023-04-15 18:51:06|Train: loss: 0.000012, accuracy: 1.0000
2023-04-15 18:51:09| Test: loss: 0.000219, accuracy: 0.9906
2023-04-15 18:51:09|Best epoch: 36
2023-04-15 18:51:09|Epoch: 49
2023-04-15 18:51:34|Train: loss: 0.000011, accuracy: 1.0000
2023-04-15 18:51:36| Test: loss: 0.000217, accuracy: 0.9910
2023-04-15 18:51:36|Best epoch: 36
2023-04-15 18:51:36|Epoch: 50
2023-04-15 18:52:02|Train: loss: 0.000013, accuracy: 0.9999
2023-04-15 18:52:05| Test: loss: 0.000229, accuracy: 0.9903
2023-04-15 18:52:05|Best epoch: 36
2023-04-15 18:52:05|Training finished.
