2023-04-15 17:58:58|==========================================
2023-04-15 17:58:58|Batch size: 128
2023-04-15 17:58:58|Epoch: 50
2023-04-15 17:58:58|Learning rate: 0.001
2023-04-15 17:58:58|Start training...
2023-04-15 17:58:58|Epoch: 1
2023-04-15 17:59:31|Train: loss: 0.001210, accuracy: 0.9556
2023-04-15 17:59:35| Test: loss: 0.000363, accuracy: 0.9841
2023-04-15 17:59:35|Best epoch: 1
2023-04-15 17:59:35|Epoch: 2
2023-04-15 18:00:13|Train: loss: 0.000400, accuracy: 0.9843
2023-04-15 18:00:17| Test: loss: 0.000395, accuracy: 0.9854
2023-04-15 18:00:17|Best epoch: 1
2023-04-15 18:00:17|Epoch: 3
2023-04-15 18:00:55|Train: loss: 0.000295, accuracy: 0.9886
2023-04-15 18:00:58| Test: loss: 0.000346, accuracy: 0.9846
2023-04-15 18:00:58|Best epoch: 3
2023-04-15 18:00:58|Epoch: 4
2023-04-15 18:01:36|Train: loss: 0.000232, accuracy: 0.9908
2023-04-15 18:01:40| Test: loss: 0.000382, accuracy: 0.9852
2023-04-15 18:01:40|Best epoch: 3
2023-04-15 18:01:40|Epoch: 5
2023-04-15 18:02:18|Train: loss: 0.000195, accuracy: 0.9922
2023-04-15 18:02:21| Test: loss: 0.000280, accuracy: 0.9876
2023-04-15 18:02:21|Best epoch: 5
2023-04-15 18:02:21|Epoch: 6
2023-04-15 18:02:47|Train: loss: 0.000169, accuracy: 0.9930
2023-04-15 18:02:49| Test: loss: 0.000330, accuracy: 0.9874
2023-04-15 18:02:49|Best epoch: 5
2023-04-15 18:02:49|Epoch: 7
2023-04-15 18:03:15|Train: loss: 0.000147, accuracy: 0.9939
2023-04-15 18:03:17| Test: loss: 0.000224, accuracy: 0.9904
2023-04-15 18:03:17|Best epoch: 7
2023-04-15 18:03:17|Epoch: 8
2023-04-15 18:03:43|Train: loss: 0.000119, accuracy: 0.9950
2023-04-15 18:03:46| Test: loss: 0.000296, accuracy: 0.9890
2023-04-15 18:03:46|Best epoch: 7
2023-04-15 18:03:46|Epoch: 9
2023-04-15 18:04:13|Train: loss: 0.000105, accuracy: 0.9956
2023-04-15 18:04:15| Test: loss: 0.000275, accuracy: 0.9886
2023-04-15 18:04:15|Best epoch: 7
2023-04-15 18:04:15|Epoch: 10
2023-04-15 18:04:42|Train: loss: 0.000088, accuracy: 0.9964
2023-04-15 18:04:45| Test: loss: 0.000209, accuracy: 0.9918
2023-04-15 18:04:45|Best epoch: 10
2023-04-15 18:04:45|Epoch: 11
2023-04-15 18:05:11|Train: loss: 0.000079, accuracy: 0.9967
2023-04-15 18:05:14| Test: loss: 0.000254, accuracy: 0.9905
2023-04-15 18:05:14|Best epoch: 10
2023-04-15 18:05:14|Epoch: 12
2023-04-15 18:05:40|Train: loss: 0.000052, accuracy: 0.9980
2023-04-15 18:05:42| Test: loss: 0.000231, accuracy: 0.9906
2023-04-15 18:05:42|Best epoch: 10
2023-04-15 18:05:42|Epoch: 13
2023-04-15 18:06:09|Train: loss: 0.000052, accuracy: 0.9980
2023-04-15 18:06:11| Test: loss: 0.000234, accuracy: 0.9922
2023-04-15 18:06:11|Best epoch: 10
2023-04-15 18:06:11|Epoch: 14
2023-04-15 18:06:38|Train: loss: 0.000042, accuracy: 0.9984
2023-04-15 18:06:40| Test: loss: 0.000255, accuracy: 0.9908
2023-04-15 18:06:40|Best epoch: 10
2023-04-15 18:06:40|Epoch: 15
2023-04-15 18:07:07|Train: loss: 0.000067, accuracy: 0.9969
2023-04-15 18:07:10| Test: loss: 0.000312, accuracy: 0.9888
2023-04-15 18:07:10|Best epoch: 10
2023-04-15 18:07:10|Epoch: 16
2023-04-15 18:07:36|Train: loss: 0.000050, accuracy: 0.9981
2023-04-15 18:07:39| Test: loss: 0.000226, accuracy: 0.9926
2023-04-15 18:07:39|Best epoch: 10
2023-04-15 18:07:39|Epoch: 17
2023-04-15 18:08:06|Train: loss: 0.000040, accuracy: 0.9983
2023-04-15 18:08:08| Test: loss: 0.000233, accuracy: 0.9914
2023-04-15 18:08:08|Best epoch: 10
2023-04-15 18:08:08|Epoch: 18
2023-04-15 18:08:35|Train: loss: 0.000031, accuracy: 0.9988
2023-04-15 18:08:37| Test: loss: 0.000274, accuracy: 0.9911
2023-04-15 18:08:37|Best epoch: 10
2023-04-15 18:08:37|Epoch: 19
2023-04-15 18:09:05|Train: loss: 0.000043, accuracy: 0.9980
2023-04-15 18:09:07| Test: loss: 0.000255, accuracy: 0.9907
2023-04-15 18:09:07|Best epoch: 10
2023-04-15 18:09:07|Epoch: 20
2023-04-15 18:09:34|Train: loss: 0.000030, accuracy: 0.9987
2023-04-15 18:09:37| Test: loss: 0.000264, accuracy: 0.9911
2023-04-15 18:09:37|Best epoch: 10
2023-04-15 18:09:37|Epoch: 21
2023-04-15 18:10:04|Train: loss: 0.000023, accuracy: 0.9992
2023-04-15 18:10:07| Test: loss: 0.000249, accuracy: 0.9913
2023-04-15 18:10:07|Best epoch: 10
2023-04-15 18:10:07|Epoch: 22
2023-04-15 18:10:34|Train: loss: 0.000020, accuracy: 0.9993
2023-04-15 18:10:36| Test: loss: 0.000285, accuracy: 0.9900
2023-04-15 18:10:36|Best epoch: 10
2023-04-15 18:10:36|Epoch: 23
2023-04-15 18:11:04|Train: loss: 0.000036, accuracy: 0.9983
2023-04-15 18:11:06| Test: loss: 0.000286, accuracy: 0.9906
2023-04-15 18:11:06|Best epoch: 10
2023-04-15 18:11:06|Epoch: 24
2023-04-15 18:11:34|Train: loss: 0.000027, accuracy: 0.9989
2023-04-15 18:11:36| Test: loss: 0.000301, accuracy: 0.9908
2023-04-15 18:11:36|Best epoch: 10
2023-04-15 18:11:36|Epoch: 25
2023-04-15 18:12:04|Train: loss: 0.000025, accuracy: 0.9990
2023-04-15 18:12:07| Test: loss: 0.000450, accuracy: 0.9875
2023-04-15 18:12:07|Best epoch: 10
2023-04-15 18:12:07|Epoch: 26
2023-04-15 18:12:34|Train: loss: 0.000024, accuracy: 0.9990
2023-04-15 18:12:37| Test: loss: 0.000265, accuracy: 0.9917
2023-04-15 18:12:37|Best epoch: 10
2023-04-15 18:12:37|Epoch: 27
2023-04-15 18:13:04|Train: loss: 0.000009, accuracy: 0.9997
2023-04-15 18:13:07| Test: loss: 0.000276, accuracy: 0.9915
2023-04-15 18:13:07|Best epoch: 10
2023-04-15 18:13:07|Epoch: 28
2023-04-15 18:13:35|Train: loss: 0.000004, accuracy: 0.9999
2023-04-15 18:13:37| Test: loss: 0.000274, accuracy: 0.9919
2023-04-15 18:13:37|Best epoch: 10
2023-04-15 18:13:37|Epoch: 29
2023-04-15 18:14:05|Train: loss: 0.000002, accuracy: 1.0000
2023-04-15 18:14:08| Test: loss: 0.000262, accuracy: 0.9924
2023-04-15 18:14:08|Best epoch: 10
2023-04-15 18:14:08|Epoch: 30
2023-04-15 18:14:39|Train: loss: 0.000001, accuracy: 1.0000
2023-04-15 18:14:42| Test: loss: 0.000229, accuracy: 0.9928
2023-04-15 18:14:42|Best epoch: 10
2023-04-15 18:14:42|Epoch: 31
2023-04-15 18:15:15|Train: loss: 0.000000, accuracy: 1.0000
2023-04-15 18:15:18| Test: loss: 0.000236, accuracy: 0.9928
2023-04-15 18:15:18|Best epoch: 10
2023-04-15 18:15:18|Epoch: 32
2023-04-15 18:15:47|Train: loss: 0.000000, accuracy: 1.0000
2023-04-15 18:15:49| Test: loss: 0.000239, accuracy: 0.9935
2023-04-15 18:15:49|Best epoch: 10
2023-04-15 18:15:49|Epoch: 33
2023-04-15 18:16:17|Train: loss: 0.000000, accuracy: 1.0000
2023-04-15 18:16:20| Test: loss: 0.000233, accuracy: 0.9933
2023-04-15 18:16:20|Best epoch: 10
2023-04-15 18:16:20|Epoch: 34
2023-04-15 18:16:52|Train: loss: 0.000000, accuracy: 1.0000
2023-04-15 18:16:55| Test: loss: 0.000240, accuracy: 0.9932
2023-04-15 18:16:55|Best epoch: 10
2023-04-15 18:16:55|Epoch: 35
2023-04-15 18:17:27|Train: loss: 0.000000, accuracy: 1.0000
2023-04-15 18:17:30| Test: loss: 0.000245, accuracy: 0.9931
2023-04-15 18:17:30|Best epoch: 10
2023-04-15 18:17:30|Epoch: 36
2023-04-15 18:18:01|Train: loss: 0.000000, accuracy: 1.0000
2023-04-15 18:18:04| Test: loss: 0.000243, accuracy: 0.9935
2023-04-15 18:18:04|Best epoch: 10
2023-04-15 18:18:04|Epoch: 37
2023-04-15 18:18:31|Train: loss: 0.000000, accuracy: 1.0000
2023-04-15 18:18:34| Test: loss: 0.000244, accuracy: 0.9935
2023-04-15 18:18:34|Best epoch: 10
2023-04-15 18:18:34|Epoch: 38
2023-04-15 18:19:01|Train: loss: 0.000000, accuracy: 1.0000
2023-04-15 18:19:04| Test: loss: 0.000253, accuracy: 0.9930
2023-04-15 18:19:04|Best epoch: 10
2023-04-15 18:19:04|Epoch: 39
2023-04-15 18:19:35|Train: loss: 0.000000, accuracy: 1.0000
2023-04-15 18:19:37| Test: loss: 0.000253, accuracy: 0.9936
2023-04-15 18:19:37|Best epoch: 10
2023-04-15 18:19:37|Epoch: 40
2023-04-15 18:20:07|Train: loss: 0.000000, accuracy: 1.0000
2023-04-15 18:20:09| Test: loss: 0.000260, accuracy: 0.9932
2023-04-15 18:20:09|Best epoch: 10
2023-04-15 18:20:09|Epoch: 41
2023-04-15 18:20:37|Train: loss: 0.000179, accuracy: 0.9938
2023-04-15 18:20:40| Test: loss: 0.000359, accuracy: 0.9894
2023-04-15 18:20:40|Best epoch: 10
2023-04-15 18:20:40|Epoch: 42
2023-04-15 18:21:08|Train: loss: 0.000023, accuracy: 0.9990
2023-04-15 18:21:11| Test: loss: 0.000239, accuracy: 0.9929
2023-04-15 18:21:11|Best epoch: 10
2023-04-15 18:21:11|Epoch: 43
2023-04-15 18:21:39|Train: loss: 0.000003, accuracy: 1.0000
2023-04-15 18:21:41| Test: loss: 0.000240, accuracy: 0.9933
2023-04-15 18:21:41|Best epoch: 10
2023-04-15 18:21:41|Epoch: 44
2023-04-15 18:22:10|Train: loss: 0.000001, accuracy: 1.0000
2023-04-15 18:22:12| Test: loss: 0.000243, accuracy: 0.9937
2023-04-15 18:22:12|Best epoch: 10
2023-04-15 18:22:12|Epoch: 45
2023-04-15 18:22:41|Train: loss: 0.000001, accuracy: 1.0000
2023-04-15 18:22:43| Test: loss: 0.000238, accuracy: 0.9930
2023-04-15 18:22:43|Best epoch: 10
2023-04-15 18:22:43|Epoch: 46
2023-04-15 18:23:11|Train: loss: 0.000001, accuracy: 1.0000
2023-04-15 18:23:14| Test: loss: 0.000245, accuracy: 0.9935
2023-04-15 18:23:14|Best epoch: 10
2023-04-15 18:23:14|Epoch: 47
2023-04-15 18:23:42|Train: loss: 0.000000, accuracy: 1.0000
2023-04-15 18:23:44| Test: loss: 0.000246, accuracy: 0.9935
2023-04-15 18:23:44|Best epoch: 10
2023-04-15 18:23:44|Epoch: 48
2023-04-15 18:24:13|Train: loss: 0.000000, accuracy: 1.0000
2023-04-15 18:24:16| Test: loss: 0.000246, accuracy: 0.9931
2023-04-15 18:24:16|Best epoch: 10
2023-04-15 18:24:16|Epoch: 49
2023-04-15 18:24:45|Train: loss: 0.000000, accuracy: 1.0000
2023-04-15 18:24:47| Test: loss: 0.000246, accuracy: 0.9931
2023-04-15 18:24:47|Best epoch: 10
2023-04-15 18:24:47|Epoch: 50
2023-04-15 18:25:17|Train: loss: 0.000000, accuracy: 1.0000
2023-04-15 18:25:20| Test: loss: 0.000259, accuracy: 0.9928
2023-04-15 18:25:20|Best epoch: 10
2023-04-15 18:25:20|Training finished.
