2023-04-15 19:16:44|==========================================
2023-04-15 19:16:44|Batch size: 128
2023-04-15 19:16:44|Epoch: 50
2023-04-15 19:16:44|Learning rate: 0.0005
2023-04-15 19:16:44|Start training...
2023-04-15 19:16:44|Epoch: 1
2023-04-15 19:17:08|Train: loss: 0.001622, accuracy: 0.9454
2023-04-15 19:17:10| Test: loss: 0.000474, accuracy: 0.9813
2023-04-15 19:17:10|Best epoch: 1
2023-04-15 19:17:10|Epoch: 2
2023-04-15 19:17:35|Train: loss: 0.000464, accuracy: 0.9826
2023-04-15 19:17:37| Test: loss: 0.000402, accuracy: 0.9837
2023-04-15 19:17:37|Best epoch: 2
2023-04-15 19:17:37|Epoch: 3
2023-04-15 19:18:01|Train: loss: 0.000341, accuracy: 0.9874
2023-04-15 19:18:03| Test: loss: 0.000416, accuracy: 0.9818
2023-04-15 19:18:03|Best epoch: 2
2023-04-15 19:18:03|Epoch: 4
2023-04-15 19:18:27|Train: loss: 0.000271, accuracy: 0.9898
2023-04-15 19:18:30| Test: loss: 0.000342, accuracy: 0.9866
2023-04-15 19:18:30|Best epoch: 4
2023-04-15 19:18:30|Epoch: 5
2023-04-15 19:18:54|Train: loss: 0.000223, accuracy: 0.9913
2023-04-15 19:18:56| Test: loss: 0.000278, accuracy: 0.9871
2023-04-15 19:18:56|Best epoch: 5
2023-04-15 19:18:56|Epoch: 6
2023-04-15 19:19:20|Train: loss: 0.000195, accuracy: 0.9923
2023-04-15 19:19:23| Test: loss: 0.000339, accuracy: 0.9862
2023-04-15 19:19:23|Best epoch: 5
2023-04-15 19:19:23|Epoch: 7
2023-04-15 19:19:47|Train: loss: 0.000168, accuracy: 0.9935
2023-04-15 19:19:49| Test: loss: 0.000214, accuracy: 0.9910
2023-04-15 19:19:49|Best epoch: 7
2023-04-15 19:19:49|Epoch: 8
2023-04-15 19:20:14|Train: loss: 0.000143, accuracy: 0.9942
2023-04-15 19:20:16| Test: loss: 0.000228, accuracy: 0.9903
2023-04-15 19:20:16|Best epoch: 7
2023-04-15 19:20:16|Epoch: 9
2023-04-15 19:20:40|Train: loss: 0.000120, accuracy: 0.9951
2023-04-15 19:20:43| Test: loss: 0.000234, accuracy: 0.9897
2023-04-15 19:20:43|Best epoch: 7
2023-04-15 19:20:43|Epoch: 10
2023-04-15 19:21:07|Train: loss: 0.000101, accuracy: 0.9962
2023-04-15 19:21:09| Test: loss: 0.000206, accuracy: 0.9916
2023-04-15 19:21:09|Best epoch: 10
2023-04-15 19:21:09|Epoch: 11
2023-04-15 19:21:34|Train: loss: 0.000087, accuracy: 0.9968
2023-04-15 19:21:36| Test: loss: 0.000214, accuracy: 0.9912
2023-04-15 19:21:36|Best epoch: 10
2023-04-15 19:21:36|Epoch: 12
2023-04-15 19:22:01|Train: loss: 0.000071, accuracy: 0.9976
2023-04-15 19:22:03| Test: loss: 0.000252, accuracy: 0.9893
2023-04-15 19:22:03|Best epoch: 10
2023-04-15 19:22:03|Epoch: 13
2023-04-15 19:22:28|Train: loss: 0.000063, accuracy: 0.9978
2023-04-15 19:22:30| Test: loss: 0.000241, accuracy: 0.9900
2023-04-15 19:22:30|Best epoch: 10
2023-04-15 19:22:30|Epoch: 14
2023-04-15 19:22:55|Train: loss: 0.000049, accuracy: 0.9986
2023-04-15 19:22:57| Test: loss: 0.000217, accuracy: 0.9906
2023-04-15 19:22:57|Best epoch: 10
2023-04-15 19:22:57|Epoch: 15
2023-04-15 19:23:22|Train: loss: 0.000050, accuracy: 0.9984
2023-04-15 19:23:24| Test: loss: 0.000225, accuracy: 0.9903
2023-04-15 19:23:24|Best epoch: 10
2023-04-15 19:23:24|Epoch: 16
2023-04-15 19:23:49|Train: loss: 0.000050, accuracy: 0.9982
2023-04-15 19:23:51| Test: loss: 0.000222, accuracy: 0.9908
2023-04-15 19:23:51|Best epoch: 10
2023-04-15 19:23:51|Epoch: 17
2023-04-15 19:24:15|Train: loss: 0.000046, accuracy: 0.9983
2023-04-15 19:24:18| Test: loss: 0.000287, accuracy: 0.9886
2023-04-15 19:24:18|Best epoch: 10
2023-04-15 19:24:18|Epoch: 18
2023-04-15 19:24:43|Train: loss: 0.000034, accuracy: 0.9990
2023-04-15 19:24:45| Test: loss: 0.000249, accuracy: 0.9908
2023-04-15 19:24:45|Best epoch: 10
2023-04-15 19:24:45|Epoch: 19
2023-04-15 19:25:10|Train: loss: 0.000019, accuracy: 0.9997
2023-04-15 19:25:12| Test: loss: 0.000266, accuracy: 0.9900
2023-04-15 19:25:12|Best epoch: 10
2023-04-15 19:25:12|Epoch: 20
2023-04-15 19:25:37|Train: loss: 0.000033, accuracy: 0.9989
2023-04-15 19:25:39| Test: loss: 0.000279, accuracy: 0.9891
2023-04-15 19:25:39|Best epoch: 10
2023-04-15 19:25:39|Epoch: 21
2023-04-15 19:26:04|Train: loss: 0.000041, accuracy: 0.9984
2023-04-15 19:26:06| Test: loss: 0.000233, accuracy: 0.9914
2023-04-15 19:26:06|Best epoch: 10
2023-04-15 19:26:06|Epoch: 22
2023-04-15 19:26:31|Train: loss: 0.000023, accuracy: 0.9993
2023-04-15 19:26:33| Test: loss: 0.000252, accuracy: 0.9900
2023-04-15 19:26:33|Best epoch: 10
2023-04-15 19:26:33|Epoch: 23
2023-04-15 19:26:59|Train: loss: 0.000012, accuracy: 0.9998
2023-04-15 19:27:01| Test: loss: 0.000226, accuracy: 0.9916
2023-04-15 19:27:01|Best epoch: 10
2023-04-15 19:27:01|Epoch: 24
2023-04-15 19:27:26|Train: loss: 0.000005, accuracy: 1.0000
2023-04-15 19:27:28| Test: loss: 0.000211, accuracy: 0.9917
2023-04-15 19:27:28|Best epoch: 10
2023-04-15 19:27:28|Epoch: 25
2023-04-15 19:27:53|Train: loss: 0.000003, accuracy: 1.0000
2023-04-15 19:27:55| Test: loss: 0.000214, accuracy: 0.9918
2023-04-15 19:27:55|Best epoch: 10
2023-04-15 19:27:55|Epoch: 26
2023-04-15 19:28:21|Train: loss: 0.000017, accuracy: 0.9993
2023-04-15 19:28:23| Test: loss: 0.000575, accuracy: 0.9818
2023-04-15 19:28:23|Best epoch: 10
2023-04-15 19:28:23|Epoch: 27
2023-04-15 19:28:48|Train: loss: 0.000082, accuracy: 0.9963
2023-04-15 19:28:50| Test: loss: 0.000358, accuracy: 0.9876
2023-04-15 19:28:50|Best epoch: 10
2023-04-15 19:28:50|Epoch: 28
2023-04-15 19:29:15|Train: loss: 0.000013, accuracy: 0.9997
2023-04-15 19:29:18| Test: loss: 0.000230, accuracy: 0.9922
2023-04-15 19:29:18|Best epoch: 10
2023-04-15 19:29:18|Epoch: 29
2023-04-15 19:29:43|Train: loss: 0.000005, accuracy: 0.9999
2023-04-15 19:29:45| Test: loss: 0.000235, accuracy: 0.9917
2023-04-15 19:29:45|Best epoch: 10
2023-04-15 19:29:45|Epoch: 30
2023-04-15 19:30:11|Train: loss: 0.000003, accuracy: 1.0000
2023-04-15 19:30:13| Test: loss: 0.000236, accuracy: 0.9915
2023-04-15 19:30:13|Best epoch: 10
2023-04-15 19:30:13|Epoch: 31
2023-04-15 19:30:38|Train: loss: 0.000002, accuracy: 1.0000
2023-04-15 19:30:40| Test: loss: 0.000234, accuracy: 0.9917
2023-04-15 19:30:40|Best epoch: 10
2023-04-15 19:30:40|Epoch: 32
2023-04-15 19:31:06|Train: loss: 0.000002, accuracy: 1.0000
2023-04-15 19:31:08| Test: loss: 0.000236, accuracy: 0.9925
2023-04-15 19:31:08|Best epoch: 10
2023-04-15 19:31:08|Epoch: 33
2023-04-15 19:31:33|Train: loss: 0.000001, accuracy: 1.0000
2023-04-15 19:31:35| Test: loss: 0.000234, accuracy: 0.9923
2023-04-15 19:31:35|Best epoch: 10
2023-04-15 19:31:35|Epoch: 34
2023-04-15 19:32:01|Train: loss: 0.000001, accuracy: 1.0000
2023-04-15 19:32:03| Test: loss: 0.000233, accuracy: 0.9920
2023-04-15 19:32:03|Best epoch: 10
2023-04-15 19:32:03|Epoch: 35
2023-04-15 19:32:28|Train: loss: 0.000001, accuracy: 1.0000
2023-04-15 19:32:31| Test: loss: 0.000231, accuracy: 0.9920
2023-04-15 19:32:31|Best epoch: 10
2023-04-15 19:32:31|Epoch: 36
2023-04-15 19:32:56|Train: loss: 0.000001, accuracy: 1.0000
2023-04-15 19:32:58| Test: loss: 0.000275, accuracy: 0.9898
2023-04-15 19:32:58|Best epoch: 10
2023-04-15 19:32:58|Epoch: 37
2023-04-15 19:33:24|Train: loss: 0.000103, accuracy: 0.9956
2023-04-15 19:33:26| Test: loss: 0.000291, accuracy: 0.9902
2023-04-15 19:33:26|Best epoch: 10
2023-04-15 19:33:26|Epoch: 38
2023-04-15 19:33:51|Train: loss: 0.000026, accuracy: 0.9989
2023-04-15 19:33:54| Test: loss: 0.000252, accuracy: 0.9911
2023-04-15 19:33:54|Best epoch: 10
2023-04-15 19:33:54|Epoch: 39
2023-04-15 19:34:19|Train: loss: 0.000004, accuracy: 1.0000
2023-04-15 19:34:21| Test: loss: 0.000237, accuracy: 0.9917
2023-04-15 19:34:21|Best epoch: 10
2023-04-15 19:34:21|Epoch: 40
2023-04-15 19:34:47|Train: loss: 0.000002, accuracy: 1.0000
2023-04-15 19:34:49| Test: loss: 0.000230, accuracy: 0.9922
2023-04-15 19:34:49|Best epoch: 10
2023-04-15 19:34:49|Epoch: 41
2023-04-15 19:35:14|Train: loss: 0.000001, accuracy: 1.0000
2023-04-15 19:35:16| Test: loss: 0.000233, accuracy: 0.9923
2023-04-15 19:35:16|Best epoch: 10
2023-04-15 19:35:16|Epoch: 42
2023-04-15 19:35:42|Train: loss: 0.000001, accuracy: 1.0000
2023-04-15 19:35:44| Test: loss: 0.000235, accuracy: 0.9926
2023-04-15 19:35:44|Best epoch: 10
2023-04-15 19:35:44|Epoch: 43
2023-04-15 19:36:10|Train: loss: 0.000001, accuracy: 1.0000
2023-04-15 19:36:12| Test: loss: 0.000236, accuracy: 0.9930
2023-04-15 19:36:12|Best epoch: 10
2023-04-15 19:36:12|Epoch: 44
2023-04-15 19:36:37|Train: loss: 0.000001, accuracy: 1.0000
2023-04-15 19:36:40| Test: loss: 0.000234, accuracy: 0.9924
2023-04-15 19:36:40|Best epoch: 10
2023-04-15 19:36:40|Epoch: 45
2023-04-15 19:37:05|Train: loss: 0.000001, accuracy: 1.0000
2023-04-15 19:37:08| Test: loss: 0.000237, accuracy: 0.9927
2023-04-15 19:37:08|Best epoch: 10
2023-04-15 19:37:08|Epoch: 46
2023-04-15 19:37:33|Train: loss: 0.000001, accuracy: 1.0000
2023-04-15 19:37:35| Test: loss: 0.000244, accuracy: 0.9928
2023-04-15 19:37:35|Best epoch: 10
2023-04-15 19:37:35|Epoch: 47
2023-04-15 19:38:01|Train: loss: 0.000001, accuracy: 1.0000
2023-04-15 19:38:03| Test: loss: 0.000244, accuracy: 0.9923
2023-04-15 19:38:03|Best epoch: 10
2023-04-15 19:38:03|Epoch: 48
2023-04-15 19:38:28|Train: loss: 0.000000, accuracy: 1.0000
2023-04-15 19:38:31| Test: loss: 0.000274, accuracy: 0.9918
2023-04-15 19:38:31|Best epoch: 10
2023-04-15 19:38:31|Epoch: 49
2023-04-15 19:38:56|Train: loss: 0.000000, accuracy: 1.0000
2023-04-15 19:38:58| Test: loss: 0.000246, accuracy: 0.9929
2023-04-15 19:38:58|Best epoch: 10
2023-04-15 19:38:58|Epoch: 50
2023-04-15 19:39:24|Train: loss: 0.000059, accuracy: 0.9978
2023-04-15 19:39:26| Test: loss: 0.000539, accuracy: 0.9863
2023-04-15 19:39:26|Best epoch: 10
2023-04-15 19:39:26|Training finished.
